{"level":"error","message":"Rota GET /rota-que-nao-existe não encontrada","timestamp":"2026-06-03T00:18:48.973Z"}
{"level":"error","message":"Rota GET /test-error não encontrada","timestamp":"2026-06-03T00:18:48.980Z"}
{"level":"error","message":"Rota GET /rota-que-nao-existe não encontrada","timestamp":"2026-06-03T00:23:55.371Z"}
{"level":"error","message":"Rota GET /test-error não encontrada","timestamp":"2026-06-03T00:23:55.378Z"}
{"level":"error","message":"Rota GET /rota-que-nao-existe não encontrada","timestamp":"2026-06-03T00:24:07.273Z"}
{"level":"error","message":"erro inesperado","timestamp":"2026-06-03T00:24:07.280Z"}
{"level":"error","message":"Rota GET /rota-que-nao-existe não encontrada","timestamp":"2026-06-03T00:25:20.364Z"}
{"level":"error","message":"erro inesperado","timestamp":"2026-06-03T00:25:20.370Z"}
{"level":"error","message":"Rota GET /rota-que-nao-existe não encontrada","timestamp":"2026-06-11T01:18:53.858Z"}
{"level":"error","message":"erro inesperado","timestamp":"2026-06-11T01:18:53.865Z"}
{"level":"error","message":"Rota GET /rota-que-nao-existe não encontrada","timestamp":"2026-06-12T19:01:40.738Z"}
{"level":"error","message":"erro inesperado","timestamp":"2026-06-12T19:01:40.772Z"}
{"level":"error","message":"User.findByEmail is not a function","timestamp":"2026-06-12T19:01:41.198Z"}
{"level":"error","message":"User.findByEmail is not a function","timestamp":"2026-06-12T19:01:41.309Z"}
{"level":"error","message":"User.findByEmail is not a function","timestamp":"2026-06-12T19:01:41.408Z"}
{"level":"error","message":"E-mail ou senha incorretos","timestamp":"2026-06-12T19:17:40.700Z"}
{"level":"error","message":"E-mail ou senha incorretos","timestamp":"2026-06-12T19:17:40.986Z"}
{"level":"error","message":"Rota GET /rota-que-nao-existe não encontrada","timestamp":"2026-06-12T19:17:42.782Z"}
{"level":"error","message":"erro inesperado","timestamp":"2026-06-12T19:17:42.816Z"}
{"level":"error","message":"Tarefa não encontrada","timestamp":"2026-06-12T19:27:16.420Z"}
{"level":"error","message":"Tarefa não encontrada","timestamp":"2026-06-12T19:27:16.538Z"}
{"level":"error","message":"Tarefa não encontrada","timestamp":"2026-06-12T19:27:16.596Z"}
{"level":"error","message":"Acesso negado","timestamp":"2026-06-12T19:27:16.626Z"}
{"level":"error","message":"E-mail ou senha incorretos","timestamp":"2026-06-12T19:27:17.366Z"}
{"level":"error","message":"E-mail ou senha incorretos","timestamp":"2026-06-12T19:27:17.555Z"}
{"level":"error","message":"Rota GET /rota-que-nao-existe não encontrada","timestamp":"2026-06-12T19:27:18.266Z"}
{"level":"error","message":"erro inesperado","timestamp":"2026-06-12T19:27:18.290Z"}
{"level":"error","message":"Tarefa não encontrada","timestamp":"2026-06-12T20:05:37.584Z"}
{"level":"error","message":"Tarefa não encontrada","timestamp":"2026-06-12T20:05:37.664Z"}
{"level":"error","message":"Tarefa não encontrada","timestamp":"2026-06-12T20:05:37.703Z"}
{"level":"error","message":"E-mail ou senha incorretos","timestamp":"2026-06-12T20:05:38.498Z"}
{"level":"error","message":"E-mail ou senha incorretos","timestamp":"2026-06-12T20:05:38.582Z"}
{"level":"error","message":"E-mail ou senha incorretos","timestamp":"2026-06-12T20:05:38.998Z"}
{"level":"error","message":"E-mail ou senha incorretos","timestamp":"2026-06-12T20:05:39.149Z"}
{"level":"error","message":"Rota GET /rota-que-nao-existe não encontrada","timestamp":"2026-06-12T20:05:39.813Z"}
{"level":"error","message":"erro inesperado","timestamp":"2026-06-12T20:05:39.845Z"}
